[12-Apr-2016 04:07:34 UTC] PHP Deprecated:  Methods with the same name as their class will not be constructors in a future version of PHP; dazzling_popular_posts_widget has a deprecated constructor in /var/www/healthyfood/blog/wp-content/themes/dazzling/inc/widgets/widget-popular-posts.php on line 6
[12-Apr-2016 04:07:34 UTC] PHP Deprecated:  Methods with the same name as their class will not be constructors in a future version of PHP; dazzling_social_widget has a deprecated constructor in /var/www/healthyfood/blog/wp-content/themes/dazzling/inc/widgets/widget-social.php on line 7
[13-Apr-2016 06:52:03 UTC] PHP Deprecated:  Methods with the same name as their class will not be constructors in a future version of PHP; dazzling_popular_posts_widget has a deprecated constructor in /var/www/healthyfood/blog/wp-content/themes/dazzling/inc/widgets/widget-popular-posts.php on line 6
[13-Apr-2016 06:52:03 UTC] PHP Stack trace:
[13-Apr-2016 06:52:03 UTC] PHP   1. {main}() /var/www/healthyfood/blog/index.php:0
[13-Apr-2016 06:52:03 UTC] PHP   2. require() /var/www/healthyfood/blog/index.php:17
[13-Apr-2016 06:52:03 UTC] PHP   3. require_once() /var/www/healthyfood/blog/wp-blog-header.php:12
[13-Apr-2016 06:52:03 UTC] PHP   4. require_once() /var/www/healthyfood/blog/wp-load.php:37
[13-Apr-2016 06:52:03 UTC] PHP   5. require_once() /var/www/healthyfood/blog/wp-config.php:99
[13-Apr-2016 06:52:03 UTC] PHP   6. include() /var/www/healthyfood/blog/wp-settings.php:368
[13-Apr-2016 06:52:03 UTC] PHP Deprecated:  Methods with the same name as their class will not be constructors in a future version of PHP; dazzling_social_widget has a deprecated constructor in /var/www/healthyfood/blog/wp-content/themes/dazzling/inc/widgets/widget-social.php on line 7
[13-Apr-2016 06:52:03 UTC] PHP Stack trace:
[13-Apr-2016 06:52:03 UTC] PHP   1. {main}() /var/www/healthyfood/blog/index.php:0
[13-Apr-2016 06:52:03 UTC] PHP   2. require() /var/www/healthyfood/blog/index.php:17
[13-Apr-2016 06:52:03 UTC] PHP   3. require_once() /var/www/healthyfood/blog/wp-blog-header.php:12
[13-Apr-2016 06:52:03 UTC] PHP   4. require_once() /var/www/healthyfood/blog/wp-load.php:37
[13-Apr-2016 06:52:03 UTC] PHP   5. require_once() /var/www/healthyfood/blog/wp-config.php:99
[13-Apr-2016 06:52:03 UTC] PHP   6. include() /var/www/healthyfood/blog/wp-settings.php:368
[14-Apr-2016 07:01:35 UTC] PHP Deprecated:  Methods with the same name as their class will not be constructors in a future version of PHP; dazzling_popular_posts_widget has a deprecated constructor in /var/www/healthyfood/blog/wp-content/themes/dazzling/inc/widgets/widget-popular-posts.php on line 6
[14-Apr-2016 07:01:35 UTC] PHP Stack trace:
[14-Apr-2016 07:01:35 UTC] PHP   1. {main}() /var/www/healthyfood/blog/index.php:0
[14-Apr-2016 07:01:35 UTC] PHP   2. require() /var/www/healthyfood/blog/index.php:17
[14-Apr-2016 07:01:35 UTC] PHP   3. require_once() /var/www/healthyfood/blog/wp-blog-header.php:13
[14-Apr-2016 07:01:35 UTC] PHP   4. require_once() /var/www/healthyfood/blog/wp-load.php:37
[14-Apr-2016 07:01:35 UTC] PHP   5. require_once() /var/www/healthyfood/blog/wp-config.php:99
[14-Apr-2016 07:01:35 UTC] PHP   6. include() /var/www/healthyfood/blog/wp-settings.php:369
[14-Apr-2016 07:01:35 UTC] PHP Deprecated:  Methods with the same name as their class will not be constructors in a future version of PHP; dazzling_social_widget has a deprecated constructor in /var/www/healthyfood/blog/wp-content/themes/dazzling/inc/widgets/widget-social.php on line 7
[14-Apr-2016 07:01:35 UTC] PHP Stack trace:
[14-Apr-2016 07:01:35 UTC] PHP   1. {main}() /var/www/healthyfood/blog/index.php:0
[14-Apr-2016 07:01:35 UTC] PHP   2. require() /var/www/healthyfood/blog/index.php:17
[14-Apr-2016 07:01:35 UTC] PHP   3. require_once() /var/www/healthyfood/blog/wp-blog-header.php:13
[14-Apr-2016 07:01:35 UTC] PHP   4. require_once() /var/www/healthyfood/blog/wp-load.php:37
[14-Apr-2016 07:01:35 UTC] PHP   5. require_once() /var/www/healthyfood/blog/wp-config.php:99
[14-Apr-2016 07:01:35 UTC] PHP   6. include() /var/www/healthyfood/blog/wp-settings.php:369
[14-Apr-2016 07:13:32 UTC] PHP Deprecated:  Methods with the same name as their class will not be constructors in a future version of PHP; dazzling_popular_posts_widget has a deprecated constructor in /var/www/healthyfood/blog/wp-content/themes/dazzling/inc/widgets/widget-popular-posts.php on line 6
[14-Apr-2016 07:13:32 UTC] PHP Stack trace:
[14-Apr-2016 07:13:32 UTC] PHP   1. {main}() /var/www/healthyfood/blog/wp-admin/admin-ajax.php:0
[14-Apr-2016 07:13:32 UTC] PHP   2. require_once() /var/www/healthyfood/blog/wp-admin/admin-ajax.php:22
[14-Apr-2016 07:13:32 UTC] PHP   3. require_once() /var/www/healthyfood/blog/wp-load.php:37
[14-Apr-2016 07:13:32 UTC] PHP   4. require_once() /var/www/healthyfood/blog/wp-config.php:99
[14-Apr-2016 07:13:32 UTC] PHP   5. include() /var/www/healthyfood/blog/wp-settings.php:369
[14-Apr-2016 07:13:32 UTC] PHP Deprecated:  Methods with the same name as their class will not be constructors in a future version of PHP; dazzling_social_widget has a deprecated constructor in /var/www/healthyfood/blog/wp-content/themes/dazzling/inc/widgets/widget-social.php on line 7
[14-Apr-2016 07:13:32 UTC] PHP Stack trace:
[14-Apr-2016 07:13:32 UTC] PHP   1. {main}() /var/www/healthyfood/blog/wp-admin/admin-ajax.php:0
[14-Apr-2016 07:13:32 UTC] PHP   2. require_once() /var/www/healthyfood/blog/wp-admin/admin-ajax.php:22
[14-Apr-2016 07:13:32 UTC] PHP   3. require_once() /var/www/healthyfood/blog/wp-load.php:37
[14-Apr-2016 07:13:32 UTC] PHP   4. require_once() /var/www/healthyfood/blog/wp-config.php:99
[14-Apr-2016 07:13:32 UTC] PHP   5. include() /var/www/healthyfood/blog/wp-settings.php:369
[15-Apr-2016 02:08:24 UTC] PHP Notice:  Trying to get property of non-object in /var/www/healthyfood/blog/wp-content/themes/dazzling/header.php on line 70
[15-Apr-2016 02:08:24 UTC] PHP Stack trace:
[15-Apr-2016 02:08:24 UTC] PHP   1. {main}() /var/www/healthyfood/blog/index.php:0
[15-Apr-2016 02:08:24 UTC] PHP   2. require() /var/www/healthyfood/blog/index.php:17
[15-Apr-2016 02:08:24 UTC] PHP   3. require_once() /var/www/healthyfood/blog/wp-blog-header.php:19
[15-Apr-2016 02:08:24 UTC] PHP   4. include() /var/www/healthyfood/blog/wp-includes/template-loader.php:75
[15-Apr-2016 02:08:24 UTC] PHP   5. get_header() /var/www/healthyfood/blog/wp-content/themes/dazzling/404.php:8
[15-Apr-2016 02:08:24 UTC] PHP   6. locate_template() /var/www/healthyfood/blog/wp-includes/general-template.php:45
[15-Apr-2016 02:08:24 UTC] PHP   7. load_template() /var/www/healthyfood/blog/wp-includes/template.php:531
[15-Apr-2016 02:08:24 UTC] PHP   8. require_once() /var/www/healthyfood/blog/wp-includes/template.php:572
[15-Apr-2016 02:18:23 UTC] PHP Deprecated:  Methods with the same name as their class will not be constructors in a future version of PHP; dazzling_popular_posts_widget has a deprecated constructor in /var/www/healthyfood/blog/wp-content/themes/dazzling/inc/widgets/widget-popular-posts.php on line 6
[15-Apr-2016 02:18:23 UTC] PHP Stack trace:
[15-Apr-2016 02:18:23 UTC] PHP   1. {main}() /var/www/healthyfood/blog/wp-admin/admin-ajax.php:0
[15-Apr-2016 02:18:23 UTC] PHP   2. require_once() /var/www/healthyfood/blog/wp-admin/admin-ajax.php:22
[15-Apr-2016 02:18:23 UTC] PHP   3. require_once() /var/www/healthyfood/blog/wp-load.php:37
[15-Apr-2016 02:18:23 UTC] PHP   4. require_once() /var/www/healthyfood/blog/wp-config.php:99
[15-Apr-2016 02:18:23 UTC] PHP   5. include() /var/www/healthyfood/blog/wp-settings.php:369
[15-Apr-2016 02:18:23 UTC] PHP Deprecated:  Methods with the same name as their class will not be constructors in a future version of PHP; dazzling_social_widget has a deprecated constructor in /var/www/healthyfood/blog/wp-content/themes/dazzling/inc/widgets/widget-social.php on line 7
[15-Apr-2016 02:18:23 UTC] PHP Stack trace:
[15-Apr-2016 02:18:23 UTC] PHP   1. {main}() /var/www/healthyfood/blog/wp-admin/admin-ajax.php:0
[15-Apr-2016 02:18:23 UTC] PHP   2. require_once() /var/www/healthyfood/blog/wp-admin/admin-ajax.php:22
[15-Apr-2016 02:18:23 UTC] PHP   3. require_once() /var/www/healthyfood/blog/wp-load.php:37
[15-Apr-2016 02:18:23 UTC] PHP   4. require_once() /var/www/healthyfood/blog/wp-config.php:99
[15-Apr-2016 02:18:23 UTC] PHP   5. include() /var/www/healthyfood/blog/wp-settings.php:369
[15-Apr-2016 02:53:29 UTC] PHP Deprecated:  Methods with the same name as their class will not be constructors in a future version of PHP; dazzling_popular_posts_widget has a deprecated constructor in /var/www/healthyfood/wp-content/themes/dazzling/inc/widgets/widget-popular-posts.php on line 6
[15-Apr-2016 02:53:29 UTC] PHP Stack trace:
[15-Apr-2016 02:53:29 UTC] PHP   1. {main}() /var/www/healthyfood/index.php:0
[15-Apr-2016 02:53:29 UTC] PHP   2. require() /var/www/healthyfood/index.php:17
[15-Apr-2016 02:53:29 UTC] PHP   3. require_once() /var/www/healthyfood/wp-blog-header.php:13
[15-Apr-2016 02:53:29 UTC] PHP   4. require_once() /var/www/healthyfood/wp-load.php:37
[15-Apr-2016 02:53:29 UTC] PHP   5. require_once() /var/www/healthyfood/wp-config.php:99
[15-Apr-2016 02:53:29 UTC] PHP   6. include() /var/www/healthyfood/wp-settings.php:369
[15-Apr-2016 02:53:29 UTC] PHP Deprecated:  Methods with the same name as their class will not be constructors in a future version of PHP; dazzling_social_widget has a deprecated constructor in /var/www/healthyfood/wp-content/themes/dazzling/inc/widgets/widget-social.php on line 7
[15-Apr-2016 02:53:29 UTC] PHP Stack trace:
[15-Apr-2016 02:53:29 UTC] PHP   1. {main}() /var/www/healthyfood/index.php:0
[15-Apr-2016 02:53:29 UTC] PHP   2. require() /var/www/healthyfood/index.php:17
[15-Apr-2016 02:53:29 UTC] PHP   3. require_once() /var/www/healthyfood/wp-blog-header.php:13
[15-Apr-2016 02:53:29 UTC] PHP   4. require_once() /var/www/healthyfood/wp-load.php:37
[15-Apr-2016 02:53:29 UTC] PHP   5. require_once() /var/www/healthyfood/wp-config.php:99
[15-Apr-2016 02:53:29 UTC] PHP   6. include() /var/www/healthyfood/wp-settings.php:369
[15-Apr-2016 02:57:34 UTC] PHP Deprecated:  Methods with the same name as their class will not be constructors in a future version of PHP; dazzling_popular_posts_widget has a deprecated constructor in /var/www/healthyfood/wp-content/themes/dazzling/inc/widgets/widget-popular-posts.php on line 6
[15-Apr-2016 02:57:34 UTC] PHP Stack trace:
[15-Apr-2016 02:57:34 UTC] PHP   1. {main}() /var/www/healthyfood/wp-admin/index.php:0
[15-Apr-2016 02:57:34 UTC] PHP   2. require_once() /var/www/healthyfood/wp-admin/index.php:10
[15-Apr-2016 02:57:34 UTC] PHP   3. require_once() /var/www/healthyfood/wp-admin/admin.php:31
[15-Apr-2016 02:57:34 UTC] PHP   4. require_once() /var/www/healthyfood/wp-load.php:37
[15-Apr-2016 02:57:34 UTC] PHP   5. require_once() /var/www/healthyfood/wp-config.php:99
[15-Apr-2016 02:57:34 UTC] PHP   6. include() /var/www/healthyfood/wp-settings.php:369
[15-Apr-2016 02:57:34 UTC] PHP Deprecated:  Methods with the same name as their class will not be constructors in a future version of PHP; dazzling_social_widget has a deprecated constructor in /var/www/healthyfood/wp-content/themes/dazzling/inc/widgets/widget-social.php on line 7
[15-Apr-2016 02:57:34 UTC] PHP Stack trace:
[15-Apr-2016 02:57:34 UTC] PHP   1. {main}() /var/www/healthyfood/wp-admin/index.php:0
[15-Apr-2016 02:57:34 UTC] PHP   2. require_once() /var/www/healthyfood/wp-admin/index.php:10
[15-Apr-2016 02:57:34 UTC] PHP   3. require_once() /var/www/healthyfood/wp-admin/admin.php:31
[15-Apr-2016 02:57:34 UTC] PHP   4. require_once() /var/www/healthyfood/wp-load.php:37
[15-Apr-2016 02:57:34 UTC] PHP   5. require_once() /var/www/healthyfood/wp-config.php:99
[15-Apr-2016 02:57:34 UTC] PHP   6. include() /var/www/healthyfood/wp-settings.php:369
[15-Apr-2016 03:14:41 UTC] PHP Deprecated:  Methods with the same name as their class will not be constructors in a future version of PHP; dazzling_popular_posts_widget has a deprecated constructor in /var/www/healthyfood/wp-content/themes/dazzling/inc/widgets/widget-popular-posts.php on line 6
[15-Apr-2016 03:14:41 UTC] PHP Stack trace:
[15-Apr-2016 03:14:41 UTC] PHP   1. {main}() /var/www/healthyfood/index.php:0
[15-Apr-2016 03:14:41 UTC] PHP   2. require() /var/www/healthyfood/index.php:17
[15-Apr-2016 03:14:41 UTC] PHP   3. require_once() /var/www/healthyfood/wp-blog-header.php:13
[15-Apr-2016 03:14:41 UTC] PHP   4. require_once() /var/www/healthyfood/wp-load.php:37
[15-Apr-2016 03:14:41 UTC] PHP   5. require_once() /var/www/healthyfood/wp-config.php:99
[15-Apr-2016 03:14:41 UTC] PHP   6. include() /var/www/healthyfood/wp-settings.php:369
[15-Apr-2016 03:14:41 UTC] PHP Deprecated:  Methods with the same name as their class will not be constructors in a future version of PHP; dazzling_social_widget has a deprecated constructor in /var/www/healthyfood/wp-content/themes/dazzling/inc/widgets/widget-social.php on line 7
[15-Apr-2016 03:14:41 UTC] PHP Stack trace:
[15-Apr-2016 03:14:41 UTC] PHP   1. {main}() /var/www/healthyfood/index.php:0
[15-Apr-2016 03:14:41 UTC] PHP   2. require() /var/www/healthyfood/index.php:17
[15-Apr-2016 03:14:41 UTC] PHP   3. require_once() /var/www/healthyfood/wp-blog-header.php:13
[15-Apr-2016 03:14:41 UTC] PHP   4. require_once() /var/www/healthyfood/wp-load.php:37
[15-Apr-2016 03:14:41 UTC] PHP   5. require_once() /var/www/healthyfood/wp-config.php:99
[15-Apr-2016 03:14:41 UTC] PHP   6. include() /var/www/healthyfood/wp-settings.php:369
[15-Apr-2016 04:12:27 UTC] PHP Notice:  Trying to get property of non-object in /var/www/healthyfood/wp-content/themes/dazzling/header.php on line 70
[15-Apr-2016 04:12:27 UTC] PHP Stack trace:
[15-Apr-2016 04:12:27 UTC] PHP   1. {main}() /var/www/healthyfood/index.php:0
[15-Apr-2016 04:12:27 UTC] PHP   2. require() /var/www/healthyfood/index.php:17
[15-Apr-2016 04:12:27 UTC] PHP   3. require_once() /var/www/healthyfood/wp-blog-header.php:19
[15-Apr-2016 04:12:27 UTC] PHP   4. include() /var/www/healthyfood/wp-includes/template-loader.php:75
[15-Apr-2016 04:12:27 UTC] PHP   5. get_header() /var/www/healthyfood/wp-content/themes/dazzling/404.php:8
[15-Apr-2016 04:12:27 UTC] PHP   6. locate_template() /var/www/healthyfood/wp-includes/general-template.php:45
[15-Apr-2016 04:12:27 UTC] PHP   7. load_template() /var/www/healthyfood/wp-includes/template.php:531
[15-Apr-2016 04:12:27 UTC] PHP   8. require_once() /var/www/healthyfood/wp-includes/template.php:572
[15-Apr-2016 05:21:19 UTC] PHP Notice:  Trying to get property of non-object in /var/www/healthyfood/wp-content/themes/dazzling/header.php on line 70
[15-Apr-2016 05:21:19 UTC] PHP Stack trace:
[15-Apr-2016 05:21:19 UTC] PHP   1. {main}() /var/www/healthyfood/index.php:0
[15-Apr-2016 05:21:19 UTC] PHP   2. require() /var/www/healthyfood/index.php:17
[15-Apr-2016 05:21:19 UTC] PHP   3. require_once() /var/www/healthyfood/wp-blog-header.php:19
[15-Apr-2016 05:21:19 UTC] PHP   4. include() /var/www/healthyfood/wp-includes/template-loader.php:75
[15-Apr-2016 05:21:19 UTC] PHP   5. get_header() /var/www/healthyfood/wp-content/themes/dazzling/404.php:8
[15-Apr-2016 05:21:19 UTC] PHP   6. locate_template() /var/www/healthyfood/wp-includes/general-template.php:45
[15-Apr-2016 05:21:19 UTC] PHP   7. load_template() /var/www/healthyfood/wp-includes/template.php:531
[15-Apr-2016 05:21:19 UTC] PHP   8. require_once() /var/www/healthyfood/wp-includes/template.php:572
[15-Apr-2016 05:23:26 UTC] PHP Notice:  Trying to get property of non-object in /var/www/healthyfood/wp-content/themes/dazzling/header.php on line 70
[15-Apr-2016 05:23:26 UTC] PHP Stack trace:
[15-Apr-2016 05:23:26 UTC] PHP   1. {main}() /var/www/healthyfood/index.php:0
[15-Apr-2016 05:23:26 UTC] PHP   2. require() /var/www/healthyfood/index.php:17
[15-Apr-2016 05:23:26 UTC] PHP   3. require_once() /var/www/healthyfood/wp-blog-header.php:19
[15-Apr-2016 05:23:26 UTC] PHP   4. include() /var/www/healthyfood/wp-includes/template-loader.php:75
[15-Apr-2016 05:23:26 UTC] PHP   5. get_header() /var/www/healthyfood/wp-content/themes/dazzling/404.php:8
[15-Apr-2016 05:23:26 UTC] PHP   6. locate_template() /var/www/healthyfood/wp-includes/general-template.php:45
[15-Apr-2016 05:23:26 UTC] PHP   7. load_template() /var/www/healthyfood/wp-includes/template.php:531
[15-Apr-2016 05:23:26 UTC] PHP   8. require_once() /var/www/healthyfood/wp-includes/template.php:572
[15-Apr-2016 05:27:28 UTC] PHP Notice:  Trying to get property of non-object in /var/www/healthyfood/wp-content/themes/dazzling/header.php on line 70
[15-Apr-2016 05:27:28 UTC] PHP Stack trace:
[15-Apr-2016 05:27:28 UTC] PHP   1. {main}() /var/www/healthyfood/index.php:0
[15-Apr-2016 05:27:28 UTC] PHP   2. require() /var/www/healthyfood/index.php:17
[15-Apr-2016 05:27:28 UTC] PHP   3. require_once() /var/www/healthyfood/wp-blog-header.php:19
[15-Apr-2016 05:27:28 UTC] PHP   4. include() /var/www/healthyfood/wp-includes/template-loader.php:75
[15-Apr-2016 05:27:28 UTC] PHP   5. get_header() /var/www/healthyfood/wp-content/themes/dazzling/404.php:8
[15-Apr-2016 05:27:28 UTC] PHP   6. locate_template() /var/www/healthyfood/wp-includes/general-template.php:45
[15-Apr-2016 05:27:28 UTC] PHP   7. load_template() /var/www/healthyfood/wp-includes/template.php:531
[15-Apr-2016 05:27:28 UTC] PHP   8. require_once() /var/www/healthyfood/wp-includes/template.php:572
[15-Apr-2016 07:48:25 UTC] PHP Warning:  mysqli_real_connect(): (HY000/2002): No such file or directory in /home/andreybolonin/www/healthyfood/wp-includes/wp-db.php on line 1489
[15-Apr-2016 07:48:25 UTC] PHP Stack trace:
[15-Apr-2016 07:48:25 UTC] PHP   1. {main}() /home/andreybolonin/www/healthyfood/index.php:0
[15-Apr-2016 07:48:25 UTC] PHP   2. require() /home/andreybolonin/www/healthyfood/index.php:17
[15-Apr-2016 07:48:25 UTC] PHP   3. require_once() /home/andreybolonin/www/healthyfood/wp-blog-header.php:13
[15-Apr-2016 07:48:25 UTC] PHP   4. require_once() /home/andreybolonin/www/healthyfood/wp-load.php:37
[15-Apr-2016 07:48:25 UTC] PHP   5. require_once() /home/andreybolonin/www/healthyfood/wp-config.php:99
[15-Apr-2016 07:48:25 UTC] PHP   6. require_wp_db() /home/andreybolonin/www/healthyfood/wp-settings.php:88
[15-Apr-2016 07:48:25 UTC] PHP   7. wpdb->__construct() /home/andreybolonin/www/healthyfood/wp-includes/load.php:371
[15-Apr-2016 07:48:25 UTC] PHP   8. wpdb->db_connect() /home/andreybolonin/www/healthyfood/wp-includes/wp-db.php:658
[15-Apr-2016 07:48:25 UTC] PHP   9. mysqli_real_connect() /home/andreybolonin/www/healthyfood/wp-includes/wp-db.php:1489
[15-Apr-2016 07:48:33 UTC] PHP Warning:  mysqli_real_connect(): (HY000/2002): No such file or directory in /home/andreybolonin/www/healthyfood/wp-includes/wp-db.php on line 1489
[15-Apr-2016 07:48:33 UTC] PHP Stack trace:
[15-Apr-2016 07:48:33 UTC] PHP   1. {main}() /home/andreybolonin/www/healthyfood/index.php:0
[15-Apr-2016 07:48:33 UTC] PHP   2. require() /home/andreybolonin/www/healthyfood/index.php:17
[15-Apr-2016 07:48:33 UTC] PHP   3. require_once() /home/andreybolonin/www/healthyfood/wp-blog-header.php:13
[15-Apr-2016 07:48:33 UTC] PHP   4. require_once() /home/andreybolonin/www/healthyfood/wp-load.php:37
[15-Apr-2016 07:48:33 UTC] PHP   5. require_once() /home/andreybolonin/www/healthyfood/wp-config.php:99
[15-Apr-2016 07:48:33 UTC] PHP   6. require_wp_db() /home/andreybolonin/www/healthyfood/wp-settings.php:88
[15-Apr-2016 07:48:33 UTC] PHP   7. wpdb->__construct() /home/andreybolonin/www/healthyfood/wp-includes/load.php:371
[15-Apr-2016 07:48:33 UTC] PHP   8. wpdb->db_connect() /home/andreybolonin/www/healthyfood/wp-includes/wp-db.php:658
[15-Apr-2016 07:48:33 UTC] PHP   9. mysqli_real_connect() /home/andreybolonin/www/healthyfood/wp-includes/wp-db.php:1489
[15-Apr-2016 11:52:44 UTC] PHP Warning:  mysqli_real_connect(): (HY000/2002): No such file or directory in /home/andreybolonin/www/healthyfood/wp-includes/wp-db.php on line 1489
[15-Apr-2016 11:52:44 UTC] PHP Stack trace:
[15-Apr-2016 11:52:44 UTC] PHP   1. {main}() /home/andreybolonin/www/healthyfood/index.php:0
[15-Apr-2016 11:52:44 UTC] PHP   2. require() /home/andreybolonin/www/healthyfood/index.php:17
[15-Apr-2016 11:52:44 UTC] PHP   3. require_once() /home/andreybolonin/www/healthyfood/wp-blog-header.php:13
[15-Apr-2016 11:52:44 UTC] PHP   4. require_once() /home/andreybolonin/www/healthyfood/wp-load.php:37
[15-Apr-2016 11:52:44 UTC] PHP   5. require_once() /home/andreybolonin/www/healthyfood/wp-config.php:99
[15-Apr-2016 11:52:44 UTC] PHP   6. require_wp_db() /home/andreybolonin/www/healthyfood/wp-settings.php:88
[15-Apr-2016 11:52:44 UTC] PHP   7. wpdb->__construct() /home/andreybolonin/www/healthyfood/wp-includes/load.php:371
[15-Apr-2016 11:52:44 UTC] PHP   8. wpdb->db_connect() /home/andreybolonin/www/healthyfood/wp-includes/wp-db.php:658
[15-Apr-2016 11:52:44 UTC] PHP   9. mysqli_real_connect() /home/andreybolonin/www/healthyfood/wp-includes/wp-db.php:1489
